2025-09-20 21:22:13.663 +05:30 [INF] Starting CodeReviewRunner Enterprise v2.0
2025-09-20 21:22:13.763 +05:30 [ERR] Invalid arguments. Expected: <repoPath> <rulesUrl> <prId> <orgUrl> <project> <repoId>
2025-09-20 21:22:13.763 +05:30 [INF] For local testing: dotnet run test <rulesUrl> test <orgUrl> <project> <repoId>
2025-09-20 21:22:23.483 +05:30 [INF] Starting CodeReviewRunner Enterprise v2.0
2025-09-20 21:22:23.578 +05:30 [INF] === RUNNING IN TEST MODE ===
2025-09-20 21:22:23.578 +05:30 [INF] Analyzing local test files instead of Azure DevOps PR
2025-09-20 21:22:23.583 +05:30 [INF] Starting local file analysis for 3 files
2025-09-20 21:22:23.585 +05:30 [INF] Analysis completed in 2.8521ms
2025-09-20 21:22:23.586 +05:30 [INF] Files analyzed: 0
2025-09-20 21:22:23.586 +05:30 [INF] Total issues: 0 (Errors: 0, Warnings: 0)
2025-09-20 21:22:23.586 +05:30 [ERR] Errors: No valid files found for analysis.
2025-09-20 21:22:23.586 +05:30 [WRN] Warnings: File not found: test-files/sample.cs, File not found: test-files/sample.tsx, File not found: test-files/sample.js
2025-09-20 21:22:23.586 +05:30 [INF] No issues found
2025-09-20 21:22:36.158 +05:30 [INF] Starting CodeReviewRunner Enterprise v2.0
2025-09-20 21:22:36.251 +05:30 [INF] === RUNNING IN TEST MODE ===
2025-09-20 21:22:36.251 +05:30 [INF] Analyzing local test files instead of Azure DevOps PR
2025-09-20 21:22:36.255 +05:30 [INF] Starting local file analysis for 3 files
2025-09-20 21:22:36.265 +05:30 [INF] Analyzing 1 C# files
2025-09-20 21:22:36.266 +05:30 [INF] Found 0 C# issues
2025-09-20 21:22:36.266 +05:30 [INF] Total analysis completed: 0 issues found
2025-09-20 21:22:36.266 +05:30 [INF] Local analysis completed. Found 0 issues in 1 files
2025-09-20 21:22:36.266 +05:30 [INF] Analysis completed in 12.4938ms
2025-09-20 21:22:36.267 +05:30 [INF] Files analyzed: 1
2025-09-20 21:22:36.267 +05:30 [INF] Total issues: 0 (Errors: 0, Warnings: 0)
2025-09-20 21:22:36.267 +05:30 [WRN] Warnings: File not found: test-files/sample.tsx, File not found: test-files/sample.js
2025-09-20 21:22:36.267 +05:30 [INF] No issues found
2025-09-20 21:22:47.494 +05:30 [INF] Starting CodeReviewRunner Enterprise v2.0
2025-09-20 21:22:47.584 +05:30 [INF] === RUNNING IN TEST MODE ===
2025-09-20 21:22:47.584 +05:30 [INF] Analyzing local test files instead of Azure DevOps PR
2025-09-20 21:22:47.587 +05:30 [INF] Starting local file analysis for 3 files
2025-09-20 21:22:47.597 +05:30 [INF] Analyzing 1 C# files
2025-09-20 21:22:47.598 +05:30 [INF] Found 0 C# issues
2025-09-20 21:22:47.598 +05:30 [INF] Total analysis completed: 0 issues found
2025-09-20 21:22:47.598 +05:30 [INF] Local analysis completed. Found 0 issues in 1 files
2025-09-20 21:22:47.598 +05:30 [INF] Analysis completed in 11.84ms
2025-09-20 21:22:47.599 +05:30 [INF] Files analyzed: 1
2025-09-20 21:22:47.599 +05:30 [INF] Total issues: 0 (Errors: 0, Warnings: 0)
2025-09-20 21:22:47.599 +05:30 [WRN] Warnings: File not found: test-files/sample.tsx, File not found: test-files/sample.js
2025-09-20 21:22:47.599 +05:30 [INF] No issues found
2025-09-20 21:31:41.626 +05:30 [INF] Starting CodeReviewRunner Enterprise v2.0
2025-09-20 21:31:41.732 +05:30 [INF] === RUNNING IN TEST MODE ===
2025-09-20 21:31:41.732 +05:30 [INF] Analyzing local test files instead of Azure DevOps PR
2025-09-20 21:31:41.737 +05:30 [INF] Starting local file analysis for 3 files
2025-09-20 21:31:41.748 +05:30 [INF] Analyzing 1 C# files
2025-09-20 21:31:41.749 +05:30 [INF] Found 0 C# issues
2025-09-20 21:31:41.749 +05:30 [INF] Total analysis completed: 0 issues found
2025-09-20 21:31:41.749 +05:30 [INF] Local analysis completed. Found 0 issues in 1 files
2025-09-20 21:31:41.749 +05:30 [INF] Analysis completed in 13.7112ms
2025-09-20 21:31:41.750 +05:30 [INF] Files analyzed: 1
2025-09-20 21:31:41.750 +05:30 [INF] Total issues: 0 (Errors: 0, Warnings: 0)
2025-09-20 21:31:41.750 +05:30 [WRN] Warnings: File not found: test-files/sample.tsx, File not found: test-files/sample.js
2025-09-20 21:31:41.750 +05:30 [INF] No issues found
2025-09-20 21:32:03.488 +05:30 [INF] Starting CodeReviewRunner Enterprise v2.0
2025-09-20 21:32:03.596 +05:30 [INF] === RUNNING IN TEST MODE ===
2025-09-20 21:32:03.597 +05:30 [INF] Analyzing local test files instead of Azure DevOps PR
2025-09-20 21:32:03.601 +05:30 [INF] Starting local file analysis for 3 files
2025-09-20 21:32:03.611 +05:30 [INF] Analyzing 1 C# files
2025-09-20 21:32:03.612 +05:30 [INF] Found 0 C# issues
2025-09-20 21:32:03.612 +05:30 [INF] Total analysis completed: 0 issues found
2025-09-20 21:32:03.612 +05:30 [INF] Local analysis completed. Found 0 issues in 1 files
2025-09-20 21:32:03.612 +05:30 [INF] Analysis completed in 11.8157ms
2025-09-20 21:32:03.613 +05:30 [INF] Files analyzed: 1
2025-09-20 21:32:03.613 +05:30 [INF] Total issues: 0 (Errors: 0, Warnings: 0)
2025-09-20 21:32:03.613 +05:30 [WRN] Warnings: File not found: test-files/sample.tsx, File not found: test-files/sample.js
2025-09-20 21:32:03.613 +05:30 [INF] No issues found
2025-09-20 21:32:20.728 +05:30 [INF] Starting CodeReviewRunner Enterprise v2.0
2025-09-20 21:32:20.839 +05:30 [INF] === RUNNING IN TEST MODE ===
2025-09-20 21:32:20.839 +05:30 [INF] Analyzing local test files instead of Azure DevOps PR
2025-09-20 21:32:20.844 +05:30 [INF] Starting local file analysis for 3 files
2025-09-20 21:32:20.853 +05:30 [INF] Analyzing 1 C# files
2025-09-20 21:32:20.855 +05:30 [INF] Found 0 C# issues
2025-09-20 21:32:20.855 +05:30 [INF] Total analysis completed: 0 issues found
2025-09-20 21:32:20.855 +05:30 [INF] Local analysis completed. Found 0 issues in 1 files
2025-09-20 21:32:20.855 +05:30 [INF] Analysis completed in 12.4062ms
2025-09-20 21:32:20.856 +05:30 [INF] Files analyzed: 1
2025-09-20 21:32:20.856 +05:30 [INF] Total issues: 0 (Errors: 0, Warnings: 0)
2025-09-20 21:32:20.856 +05:30 [WRN] Warnings: File not found: test-files/sample.tsx, File not found: test-files/sample.js
2025-09-20 21:32:20.856 +05:30 [INF] No issues found
2025-09-20 21:32:38.901 +05:30 [INF] Starting CodeReviewRunner Enterprise v2.0
2025-09-20 21:32:38.998 +05:30 [INF] === RUNNING IN TEST MODE ===
2025-09-20 21:32:38.998 +05:30 [INF] Analyzing local test files instead of Azure DevOps PR
2025-09-20 21:32:39.002 +05:30 [INF] Starting local file analysis for 3 files
2025-09-20 21:32:39.011 +05:30 [INF] Analyzing 1 C# files
2025-09-20 21:32:39.012 +05:30 [INF] Found 0 C# issues
2025-09-20 21:32:39.012 +05:30 [INF] Total analysis completed: 0 issues found
2025-09-20 21:32:39.012 +05:30 [INF] Local analysis completed. Found 0 issues in 1 files
2025-09-20 21:32:39.012 +05:30 [INF] Analysis completed in 11.8493ms
2025-09-20 21:32:39.013 +05:30 [INF] Files analyzed: 1
2025-09-20 21:32:39.013 +05:30 [INF] Total issues: 0 (Errors: 0, Warnings: 0)
2025-09-20 21:32:39.013 +05:30 [WRN] Warnings: File not found: test-files/sample.tsx, File not found: test-files/sample.js
2025-09-20 21:32:39.013 +05:30 [INF] No issues found
2025-09-20 21:35:33.443 +05:30 [INF] Starting CodeReviewRunner Enterprise v2.0
2025-09-20 21:35:33.544 +05:30 [INF] === RUNNING IN TEST MODE ===
2025-09-20 21:35:33.544 +05:30 [INF] Analyzing local test files instead of Azure DevOps PR
2025-09-20 21:35:33.549 +05:30 [INF] Starting local file analysis for 3 files
2025-09-20 21:35:33.559 +05:30 [INF] Analyzing 1 C# files
2025-09-20 21:35:33.560 +05:30 [INF] Found 0 C# issues
2025-09-20 21:35:33.560 +05:30 [INF] Total analysis completed: 0 issues found
2025-09-20 21:35:33.560 +05:30 [INF] Local analysis completed. Found 0 issues in 1 files
2025-09-20 21:35:33.560 +05:30 [INF] Analysis completed in 12.7838ms
2025-09-20 21:35:33.561 +05:30 [INF] Files analyzed: 1
2025-09-20 21:35:33.561 +05:30 [INF] Total issues: 0 (Errors: 0, Warnings: 0)
2025-09-20 21:35:33.561 +05:30 [WRN] Warnings: File not found: test-files/sample.tsx, File not found: test-files/sample.js
2025-09-20 21:35:33.561 +05:30 [INF] No issues found
2025-09-20 21:36:15.776 +05:30 [INF] Starting CodeReviewRunner Enterprise v2.0
2025-09-20 21:36:15.875 +05:30 [INF] === RUNNING IN TEST MODE ===
2025-09-20 21:36:15.876 +05:30 [INF] Analyzing local test files instead of Azure DevOps PR
2025-09-20 21:36:15.880 +05:30 [INF] Starting local file analysis for 3 files
2025-09-20 21:36:15.890 +05:30 [INF] Analyzing 1 C# files
2025-09-20 21:36:15.891 +05:30 [INF] Found 0 C# issues
2025-09-20 21:36:15.891 +05:30 [INF] Total analysis completed: 0 issues found
2025-09-20 21:36:15.891 +05:30 [INF] Local analysis completed. Found 0 issues in 1 files
2025-09-20 21:36:15.891 +05:30 [INF] Analysis completed in 12.0284ms
2025-09-20 21:36:15.892 +05:30 [INF] Files analyzed: 1
2025-09-20 21:36:15.892 +05:30 [INF] Total issues: 0 (Errors: 0, Warnings: 0)
2025-09-20 21:36:15.892 +05:30 [WRN] Warnings: File not found: test-files/sample.tsx, File not found: test-files/sample.js
2025-09-20 21:36:15.892 +05:30 [INF] No issues found
2025-09-20 21:40:25.714 +05:30 [INF] Starting CodeReviewRunner Enterprise v2.0
2025-09-20 21:40:25.813 +05:30 [INF] === RUNNING IN TEST MODE ===
2025-09-20 21:40:25.814 +05:30 [INF] Analyzing local test files instead of Azure DevOps PR
2025-09-20 21:40:25.818 +05:30 [INF] Starting local file analysis for 3 files
2025-09-20 21:40:25.829 +05:30 [INF] Analyzing 1 C# files
2025-09-20 21:40:25.830 +05:30 [INF] Found 0 C# issues
2025-09-20 21:40:25.830 +05:30 [INF] Total analysis completed: 0 issues found
2025-09-20 21:40:25.830 +05:30 [INF] Local analysis completed. Found 0 issues in 1 files
2025-09-20 21:40:25.830 +05:30 [INF] Analysis completed in 12.8754ms
2025-09-20 21:40:25.831 +05:30 [INF] Files analyzed: 1
2025-09-20 21:40:25.831 +05:30 [INF] Total issues: 0 (Errors: 0, Warnings: 0)
2025-09-20 21:40:25.831 +05:30 [WRN] Warnings: File not found: test-files/sample.tsx, File not found: test-files/sample.js
2025-09-20 21:40:25.831 +05:30 [INF] No issues found
2025-09-20 21:40:40.814 +05:30 [INF] Starting CodeReviewRunner Enterprise v2.0
2025-09-20 21:40:40.912 +05:30 [INF] === RUNNING IN TEST MODE ===
2025-09-20 21:40:40.913 +05:30 [INF] Analyzing local test files instead of Azure DevOps PR
2025-09-20 21:40:40.917 +05:30 [INF] Starting local file analysis for 3 files
2025-09-20 21:40:40.926 +05:30 [INF] Analyzing 1 C# files
2025-09-20 21:40:40.927 +05:30 [INF] Found 0 C# issues
2025-09-20 21:40:40.927 +05:30 [INF] Total analysis completed: 0 issues found
2025-09-20 21:40:40.927 +05:30 [INF] Local analysis completed. Found 0 issues in 1 files
2025-09-20 21:40:40.928 +05:30 [INF] Analysis completed in 11.7072ms
2025-09-20 21:40:40.929 +05:30 [INF] Files analyzed: 1
2025-09-20 21:40:40.929 +05:30 [INF] Total issues: 0 (Errors: 0, Warnings: 0)
2025-09-20 21:40:40.929 +05:30 [WRN] Warnings: File not found: test-files/sample.tsx, File not found: test-files/sample.js
2025-09-20 21:40:40.929 +05:30 [INF] No issues found
